<?xml version="1.0" encoding="utf-8"?><testsuites name="pytest tests"><testsuite name="pytest" errors="0" failures="0" skipped="0" tests="26" time="53.121" timestamp="2026-02-09T21:34:29.739057+00:00" hostname="agent-env-d415729b-18b9-4f96-833e-f275d6f48cca"><testcase classname="backend.tests.test_tebbi_api.TestHealthAndAuth" name="test_health_check" time="0.084" /><testcase classname="backend.tests.test_tebbi_api.TestHealthAndAuth" name="test_login_success" time="0.263" /><testcase classname="backend.tests.test_tebbi_api.TestHealthAndAuth" name="test_login_invalid_credentials" time="0.036" /><testcase classname="backend.tests.test_tebbi_api.TestPatientCRUD" name="test_get_patients_list" time="0.292" /><testcase classname="backend.tests.test_tebbi_api.TestPatientCRUD" name="test_create_patient" time="0.299" /><testcase classname="backend.tests.test_tebbi_api.TestPatientCRUD" name="test_get_patient_by_id" time="0.332" /><testcase classname="backend.tests.test_tebbi_api.TestAllergiesCRUD" name="test_create_allergy" time="0.324" /><testcase classname="backend.tests.test_tebbi_api.TestAllergiesCRUD" name="test_get_patient_allergies" time="0.365" /><testcase classname="backend.tests.test_tebbi_api.TestAllergiesCRUD" name="test_delete_allergy" time="0.363" /><testcase classname="backend.tests.test_tebbi_api.TestDiagnosesCRUD" name="test_create_diagnosis" time="0.330" /><testcase classname="backend.tests.test_tebbi_api.TestDiagnosesCRUD" name="test_get_patient_diagnoses" time="0.327" /><testcase classname="backend.tests.test_tebbi_api.TestDiagnosesCRUD" name="test_delete_diagnosis" time="0.361" /><testcase classname="backend.tests.test_tebbi_api.TestMedicationsCRUD" name="test_create_medication" time="0.365" /><testcase classname="backend.tests.test_tebbi_api.TestMedicationsCRUD" name="test_get_patient_medications" time="0.329" /><testcase classname="backend.tests.test_tebbi_api.TestMedicationsCRUD" name="test_delete_medication" time="0.363" /><testcase classname="backend.tests.test_tebbi_api.TestAIAnalysis" name="test_ai_patient_analysis" time="8.297" /><testcase classname="backend.tests.test_tebbi_api.TestAIAnalysis" name="test_ai_symptom_analysis" time="25.891" /><testcase classname="backend.tests.test_tebbi_api.TestMedicalImages" name="test_get_patient_images" time="7.506" /><testcase classname="backend.tests.test_tebbi_api.TestVisits" name="test_create_visit_basic" time="0.327" /><testcase classname="backend.tests.test_tebbi_api.TestVisits" name="test_create_visit_with_vitals" time="5.499" /><testcase classname="backend.tests.test_tebbi_api.TestVisits" name="test_create_visit_with_prescription" time="0.331" /><testcase classname="backend.tests.test_tebbi_api.TestVisits" name="test_get_patient_visits" time="0.327" /><testcase classname="backend.tests.test_tebbi_api.TestVisits" name="test_get_patient_last_visit" time="0.334" /><testcase classname="backend.tests.test_tebbi_api.TestReferenceData" name="test_get_common_diagnoses" time="0.040" /><testcase classname="backend.tests.test_tebbi_api.TestReferenceData" name="test_get_common_medications" time="0.037" /><testcase classname="backend.tests.test_tebbi_api.TestReferenceData" name="test_get_common_allergies" time="0.038" /></testsuite></testsuites>