<?xml version="1.0" encoding="utf-8"?><testsuites name="pytest tests"><testsuite name="pytest" errors="0" failures="0" skipped="0" tests="14" time="5.536" timestamp="2026-03-02T10:33:39.155346+00:00" hostname="agent-env-06633863-c872-40d2-a50a-2c646266e067"><testcase classname="backend.tests.test_superadmin_booking.TestSuperAdminAuth" name="test_superadmin_login_success" time="0.344" /><testcase classname="backend.tests.test_superadmin_booking.TestSuperAdminAuth" name="test_doctor_cannot_access_admin_dashboard" time="0.418" /><testcase classname="backend.tests.test_superadmin_booking.TestSuperAdminAuth" name="test_doctor_cannot_view_all_companies" time="0.435" /><testcase classname="backend.tests.test_superadmin_booking.TestAdminDashboard" name="test_get_admin_dashboard_stats" time="0.429" /><testcase classname="backend.tests.test_superadmin_booking.TestCompaniesManagement" name="test_get_companies_list" time="0.414" /><testcase classname="backend.tests.test_superadmin_booking.TestCompaniesManagement" name="test_create_new_company" time="0.648" /><testcase classname="backend.tests.test_superadmin_booking.TestCompaniesManagement" name="test_get_company_staff" time="0.522" /><testcase classname="backend.tests.test_superadmin_booking.TestCompaniesManagement" name="test_toggle_company_status" time="0.658" /><testcase classname="backend.tests.test_superadmin_booking.TestPublicDoctorsList" name="test_get_public_doctors_list" time="0.102" /><testcase classname="backend.tests.test_superadmin_booking.TestPublicDoctorsList" name="test_get_doctor_available_slots" time="0.210" /><testcase classname="backend.tests.test_superadmin_booking.TestPublicBooking" name="test_complete_booking_flow" time="0.311" /><testcase classname="backend.tests.test_superadmin_booking.TestPublicBooking" name="test_booking_validation_missing_fields" time="0.100" /><testcase classname="backend.tests.test_superadmin_booking.TestPublicBooking" name="test_filter_doctors_by_specialty" time="0.107" /><testcase classname="backend.tests.test_superadmin_booking.TestCompanyStaffManagement" name="test_add_staff_to_company" time="0.781" /></testsuite></testsuites>