<?xml version="1.0" encoding="utf-8"?><testsuites name="pytest tests"><testsuite name="pytest" errors="0" failures="0" skipped="0" tests="13" time="7.415" timestamp="2026-03-02T18:46:44.837908+00:00" hostname="agent-env-009f2f81-c5de-4e8c-a8b2-e4b0a9de6f63"><testcase classname="backend.tests.test_iteration6_features.TestAuthRedirect" name="test_super_admin_login_returns_role" time="0.357" /><testcase classname="backend.tests.test_iteration6_features.TestAuthRedirect" name="test_doctor_login_returns_role" time="0.338" /><testcase classname="backend.tests.test_iteration6_features.TestPutUsersEndpoint" name="test_super_admin_can_update_user" time="0.602" /><testcase classname="backend.tests.test_iteration6_features.TestPutUsersEndpoint" name="test_update_multiple_fields" time="0.580" /><testcase classname="backend.tests.test_iteration6_features.TestPutUsersEndpoint" name="test_non_super_admin_cannot_update" time="0.897" /><testcase classname="backend.tests.test_iteration6_features.TestPutUsersEndpoint" name="test_update_nonexistent_user" time="0.462" /><testcase classname="backend.tests.test_iteration6_features.TestPutUsersEndpoint" name="test_update_empty_payload" time="0.571" /><testcase classname="backend.tests.test_iteration6_features.TestDoctorsPageFilters" name="test_get_all_users" time="0.443" /><testcase classname="backend.tests.test_iteration6_features.TestDoctorsPageFilters" name="test_get_companies_for_filter" time="0.517" /><testcase classname="backend.tests.test_iteration6_features.TestDoctorsPageFilters" name="test_users_have_company_id" time="0.483" /><testcase classname="backend.tests.test_iteration6_features.TestClinicStaff" name="test_get_clinic_staff" time="0.558" /><testcase classname="backend.tests.test_iteration6_features.TestClinicStaff" name="test_staff_have_consultation_fee" time="0.724" /><testcase classname="backend.tests.test_iteration6_features.TestDoctorUpdateViaStaff" name="test_update_doctor_consultation_fee_from_staff" time="0.833" /></testsuite></testsuites>