<?xml version="1.0" encoding="utf-8"?><testsuites name="pytest tests"><testsuite name="pytest" errors="0" failures="0" skipped="0" tests="14" time="6.632" timestamp="2026-03-02T15:58:53.615509+00:00" hostname="agent-env-009f2f81-c5de-4e8c-a8b2-e4b0a9de6f63"><testcase classname="backend.tests.test_backup_notifications.TestBackupAPIs" name="test_01_super_admin_can_create_backup" time="0.434" /><testcase classname="backend.tests.test_backup_notifications.TestBackupAPIs" name="test_02_get_company_backups" time="0.406" /><testcase classname="backend.tests.test_backup_notifications.TestBackupAPIs" name="test_03_restore_backup" time="0.480" /><testcase classname="backend.tests.test_backup_notifications.TestBackupAPIs" name="test_04_delete_backup" time="0.477" /><testcase classname="backend.tests.test_backup_notifications.TestBackupAPIs" name="test_05_delete_nonexistent_backup_returns_404" time="0.388" /><testcase classname="backend.tests.test_backup_notifications.TestBackupAccessControl" name="test_01_clinic_admin_cannot_restore_backup" time="0.513" /><testcase classname="backend.tests.test_backup_notifications.TestNotificationSettingsAPIs" name="test_01_get_notification_settings" time="0.446" /><testcase classname="backend.tests.test_backup_notifications.TestNotificationSettingsAPIs" name="test_02_save_notification_settings" time="0.445" /><testcase classname="backend.tests.test_backup_notifications.TestNotificationSettingsAPIs" name="test_03_verify_saved_settings" time="0.477" /><testcase classname="backend.tests.test_backup_notifications.TestNotificationSettingsAPIs" name="test_04_update_reminder_settings" time="0.544" /><testcase classname="backend.tests.test_backup_notifications.TestNotificationSettingsAPIs" name="test_05_test_notification_connection_no_twilio" time="0.521" /><testcase classname="backend.tests.test_backup_notifications.TestNotificationSettingsAccessControl" name="test_01_super_admin_can_access_any_company_settings" time="0.427" /><testcase classname="backend.tests.test_backup_notifications.TestNotificationSettingsAccessControl" name="test_02_user_cannot_access_other_company_settings" time="0.495" /><testcase classname="backend.tests.test_backup_notifications.TestMessageTemplates" name="test_01_save_custom_templates" time="0.530" /></testsuite></testsuites>